<?xml version="1.0" encoding="UTF-8"?>
<testsuite xmlns:xsi="http://www.w3.org/2001/XMLSchema-instance" xsi:noNamespaceSchemaLocation="https://maven.apache.org/surefire/maven-surefire-plugin/xsd/surefire-test-report-3.0.xsd" version="3.0" name="com.udacity.catpoint.security.service.SecurityServiceTest" time="0.443" tests="14" errors="0" skipped="0" failures="0">
  <properties>
[...]
</properties>
  <testcase name="whenSystemArmedAndPendingAndSensorActivated_thenAlarmStatusAlarm(ArmingStatus)[1]" classname="com.udacity.catpoint.security.service.SecurityServiceTest" time="0.216"/>
  <testcase name="whenSystemArmedAndPendingAndSensorActivated_thenAlarmStatusAlarm(ArmingStatus)[2]" classname="com.udacity.catpoint.security.service.SecurityServiceTest" time="0.008"/>
  <testcase name="whenSensorAlreadyActiveAndActivatedAgainWhilePending_thenAlarmStatusAlarm" classname="com.udacity.catpoint.security.service.SecurityServiceTest" time="0.007"/>
  <testcase name="whenSensorAlreadyInactiveAndDeactivatedAgain_thenNoEffectOnAlarmState" classname="com.udacity.catpoint.security.service.SecurityServiceTest" time="0.007"/>
  <testcase name="whenAlarmActiveAndSensorStateChanges_thenNoEffectOnAlarmState" classname="com.udacity.catpoint.security.service.SecurityServiceTest" time="0.006"/>
  <testcase name="whenSystemArmedAndSensorActivated_thenAlarmStatusPending(ArmingStatus)[1]" classname="com.udacity.catpoint.security.service.SecurityServiceTest" time="0.007"/>
  <testcase name="whenSystemArmedAndSensorActivated_thenAlarmStatusPending(ArmingStatus)[2]" classname="com.udacity.catpoint.security.service.SecurityServiceTest" time="0.005"/>
  <testcase name="whenNoCatDetectedAndAllSensorsInactive_thenAlarmStatusNoAlarm" classname="com.udacity.catpoint.security.service.SecurityServiceTest" time="0.008"/>
  <testcase name="whenAllSensorsInactiveWhilePendingAlarm_thenAlarmStatusNoAlarm" classname="com.udacity.catpoint.security.service.SecurityServiceTest" time="0.005"/>
  <testcase name="whenSystemArmedHomeAndCatDetected_thenAlarmStatusAlarm" classname="com.udacity.catpoint.security.service.SecurityServiceTest" time="0.006"/>
  <testcase name="whenSystemArmed_thenAllSensorsResetToInactive(ArmingStatus)[1]" classname="com.udacity.catpoint.security.service.SecurityServiceTest" time="0.006"/>
  <testcase name="whenSystemArmed_thenAllSensorsResetToInactive(ArmingStatus)[2]" classname="com.udacity.catpoint.security.service.SecurityServiceTest" time="0.005"/>
  <testcase name="whenSystemArmedHomeAndCatDetected_thenAlarmStatusAlarmAgain" classname="com.udacity.catpoint.security.service.SecurityServiceTest" time="0.005"/>
  <testcase name="whenSystemDisarmed_thenAlarmStatusNoAlarm" classname="com.udacity.catpoint.security.service.SecurityServiceTest" time="0.004"/>
</testsuite>